0 ['City', 'Chibi', 'Electric', 'a9dc1152420c007831ac8dba4e9d5ee3.png']
1 ['City', 'Chibi', 'Electric', '29a55d25cd4f283c1bb87c3b2cbf40e0.png']
2 ['City', 'Chibi', 'Electric', '663a9fc56f91f4c97c2da3405c97de86.png']
3 ['City', 'Chibi', 'Electric', 'eaee1bf4b5661d463fe55b79ffb1d0ff.png']
4 ['Studio', 'Chibi', 'Fuel', '377a188139ff927ccadc4872155737db.png']
5 ['City', 'Chibi', 'Electric', '6be431a0444678cb33b250c272b6f86c.png']
6 ['City', 'Chibi', 'Electric', '8037f3e7cdc5abe04434120f96009fd8.png']
7 ['Studio', 'Chibi', 'Electric', '9f642296d35faff22c0b6c55c59ead93.png']
8 ['Studio', 'Chibi', 'Electric', '597ebaf39f78f753a45fd0eed64ec519.png']
9 ['Studio', 'Chibi', 'Electric', '960d0c5da2bc085821d8126d72316a10.png']
10 ['City', 'Chibi', 'Electric', '45659f4180ebf58c7158f292f55b529f.png']
11 ['Studio', 'Chibi', 'Electric', 'cdf235ff649d58161b8a2579c6c4d2ea.png']
12 ['Street', 'Chibi', 'Fuel', 'f64182d159dd7afa15be6538a376d68b.png']
13 ['City', 'Chibi', 'Electric', '61d4e5d0d51a00b95d39d551cd691308.png']
14 ['Nova', 'Elite', 'Nova', '0e925ea4fe3d088bd0e5bcbe91ee3048.png']
15 ['City', 'Chibi', 'Electric', 'd456347871d7907b53db00ed161ca3ca.png']
16 ['Studio', 'Chibi', 'Electric', 'ed4ccc9bfa3cea9e5113025d877ff2fe.png']
17 ['City', 'Chibi', 'Electric', '5e75c63f05779c478cce0894e740d12a.png']
18 ['City', 'Chibi', 'Battery', 'beec81de439310a4d2be34250bf5b050.png']
19 ['City', 'Life-Size', 'Nuclear', '15ed4dade8483ff26e2acb3c70ab327e.png']
20 ['Street', 'Chibi', 'Fuel', 'd9edfdb85f7f384e420d61dc7afddbf5.png']
21 ['Street', 'Life-Size', 'Fuel', '5873ebfebcf902982e77e3164daf0746.png']
22 ['Studio', 'Chibi', 'Electric', 'd8602163fd0e8e80e6932a2c825cff5c.png']
23 ['Studio', 'Chibi', 'Electric', '11741a4e6d072b15cc123afe5d8c43dc.png']
24 ['Studio', 'Chibi', 'Electric', '9f159a88008164cb33779242d0cb5351.png']
25 ['Studio', 'Chibi', 'Electric', 'f6ac609e8a81fc2721f2e8d41b0836aa.png']
26 ['City', 'Chibi', 'Battery', 'd6938da0dbe1fa03dc103aabaf862d5a.png']
27 ['Studio', 'Chibi', 'Fuel', '6a77882ccdee631654ce97ccacd0e5ac.png']
28 ['City', 'Chibi', 'Electric', 'ff4c7ee934054a592bb2a8a5a41b3698.png']
29 ['Street', 'Life-Size', 'Fuel', '4fe4b8330dacbd0020dd9c472ad7c776.png']
30 ['Street', 'Life-Size', 'Fuel', '95db9d39fb0539a85367726fbb386bf2.png']
31 ['Studio', 'Chibi', 'Fuel', '7ee068ffc9b788083a3bf65b5c85cd3a.png']
32 ['Street', 'Life-Size', 'Fuel', '1084689aeff57c308c068f47dc82ce77.png']
33 ['Studio', 'Chibi', 'Fuel', '0a0ddc18d5352d06dad23ee681e4aebe.png']
34 ['City', 'Chibi', 'Battery', 'f32e74819544c076255a82e8cc2fcc6c.png']
35 ['Studio', 'Chibi', 'Electric', '3760fbb2da6cbaf5746f7ac4b1094a12.png']
36 ['City', 'Chibi', 'Electric', '39f2e6f752db08e24bab6a41e412bd64.png']
37 ['Studio', 'Chibi', 'Fuel', '1bda0b93a11594d39ff683845aeace2c.png']
38 ['Studio', 'Chibi', 'Fuel', '8c1ed9af14e5b2670b2f734cbe4a0fec.png']
39 ['City', 'Chibi', 'Electric', '00e4dadb880821f2f23715c454e2d292.png']
40 ['City', 'Chibi', 'Electric', 'e2f525de3ccb95a74e287cef42b96158.png']
41 ['Street', 'Chibi', 'Fuel', '71da1448bfb32d66d599736dc6a8d772.png']
42 ['Street', 'Chibi', 'Fuel', 'cbfcff472ed83875e6063f9c45f9d265.png']
43 ['City', 'Elite', 'Nuclear', 'cf8261a6008942ee060334c7a86f1528.png']
44 ['Studio', 'Chibi', 'Fuel', 'f90bf439d9fc2dea31d2018bbcea5897.png']
45 ['Studio', 'Chibi', 'Electric', '12eb5b72478d4f71474b4142cb55f3da.png']
46 ['Street', 'Chibi', 'Fuel', 'e6bb916ce4fa1df7152b995114998992.png']
47 ['Street', 'Chibi', 'Fuel', '726d863b1446e3b2ef84e8e547b6c463.png']
48 ['Studio', 'Chibi', 'Electric', 'b750e1b3a4cd54051697c64b922a1351.png']
49 ['Street', 'Chibi', 'Fuel', '99ffcb07adf31d2b78ae0f2771f4e599.png']
50 ['Street', 'Chibi', 'Fuel', 'ea0765965cde58199d0fa2966e6e7d22.png']
51 ['Studio', 'Chibi', 'Electric', 'b77ce254f499aa06910c87f1cb4342c7.png']
52 ['Street', 'Life-Size', 'Fuel', 'e3ab771395a7aacccb3be03d46307b00.png']
53 ['Studio', 'Chibi', 'Electric', 'd70572dba333b0a3be81e2d92a9b5a7f.png']
54 ['Street', 'Life-Size', 'Fuel', '995a8174ce322dfb326aaa56e6292fae.png']
55 ['Street', 'Life-Size', 'Fuel', '2478eb2e50e51b8034e7f6b3c8b881b1.png']
56 ['Studio', 'Chibi', 'Fuel', '4eb337f049f940b112017c673fd5616f.png']
57 ['Street', 'Chibi', 'Fuel', '8d43030e91375cbfbd8d69ff895b80d3.png']
58 ['Studio', 'Chibi', 'Fuel', '5a0aa671786be54e757039371c703862.png']
59 ['Studio', 'Chibi', 'Fuel', '5c19b7d4e62fc3186158d9f6e0c1696e.png']
60 ['Studio', 'Elite', 'Nuclear', '1ff592c03eb45a45b9f92480f2a774b9.png']
61 ['City', 'Chibi', 'Electric', 'e381469e98b4f18a13e8f59989a44f80.png']
62 ['Studio', 'Chibi', 'Fuel', '3c0e1ee6773820593a57139a7660af99.png']
63 ['Studio', 'Chibi', 'Electric', '384e56e8881c50f395692987f43214d4.png']
64 ['Studio', 'Elite', 'Quantum', '7c1fa6741a0064976378618afc29108b.png']
65 ['Studio', 'Chibi', 'Electric', '190063096b1b8ced4ad43d60af59f5d3.png']
66 ['Studio', 'Life-Size', 'Fuel', '42a20a88316bf953943a1ad6c6ee801f.png']
67 ['City', 'Chibi', 'Electric', '5e1ee973a9c86bc62f16ca0814096dc0.png']
68 ['Street', 'Life-Size', 'Fuel', '9467d5b9ba4df7c29a298a9546f9207a.png']
69 ['Studio', 'Chibi', 'Electric', 'de0eca3e058d6492582bbd2f65a6eaca.png']
70 ['Studio', 'Chibi', 'Electric', 'e69c84693cc4c4e9a56df27990f06ccf.png']
71 ['Studio', 'Chibi', 'Electric', 'a58e8cfbb9dfb97a54ffdb0f431ffb48.png']
72 ['Street', 'Life-Size', 'Nuclear', '3d49c0e3bbc5e073aad9ea8f558adcf0.png']
73 ['Street', 'Life-Size', 'Fuel', '1828634c19c7bcf66e248d1064ae9479.png']
74 ['Studio', 'Elite', 'Quantum', 'b60077696bf147dcf715b643d5c9485f.png']
75 ['Studio', 'Chibi', 'Electric', '17abf249797be99e57964c8ab48d5eda.png']
76 ['Street', 'Elite', 'Nuclear', '449e2f351053d5f309fa21207ba215d7.png']
77 ['Studio', 'Chibi', 'Electric', '5c4f2afeba0201e58b8155ce1836f9e0.png']
78 ['City', 'Chibi', 'Battery', '21aac899a7f5df98a568dd17c32ee173.png']
79 ['City', 'Elite', 'Quantum', '017877313d060345728a1b743f87f31a.png']
80 ['Studio', 'Chibi', 'Fuel', '2c7a744870634d682a687738935615f6.png']
81 ['City', 'Chibi', 'Electric', 'ed1dccf4b9a8a60f685c90b36b54e42c.png']
82 ['Studio', 'Chibi', 'Electric', 'af59267defc886ba0dc921c405706721.png']
83 ['Studio', 'Chibi', 'Electric', 'cf5809d9ded660863cbbdef66da919c8.png']
84 ['Studio', 'Chibi', 'Electric', 'a4d7215bbc661597a85b677d81fb696b.png']
85 ['Studio', 'Chibi', 'Fuel', '0ba2c4191f0f57a6c26e61c0048e65e4.png']
86 ['Studio', 'Chibi', 'Electric', 'd09f3c22b4e961c44be71656c436e552.png']
87 ['City', 'Chibi', 'Electric', 'd966d1355db91536e64e781e4fb595a1.png']
88 ['Studio', 'Chibi', 'Electric', '5620725fa51c52081eea37e28010a2db.png']
89 ['City', 'Chibi', 'Electric', 'e628b5cdeb2148a61344c2397cfd587e.png']
90 ['Studio', 'Chibi', 'Electric', '898d37e833e8a63f15dca455e16f3209.png']
91 ['Studio', 'Chibi', 'Fuel', '9cef2024d88490ed4f519e43daa29d7a.png']
92 ['Studio', 'Chibi', 'Electric', 'fd21045b2145fa8151b8f266b9fc8854.png']
93 ['Studio', 'Chibi', 'Electric', 'ccae84c9fef6c119f17ed3adc3cec33b.png']
94 ['Studio', 'Chibi', 'Electric', 'c15e8b7d41462999555dc6dfad46a0a4.png']
95 ['Studio', 'Chibi', 'Fuel', 'b3964763aa9de9c2aa1906779fe3959e.png']
96 ['City', 'Chibi', 'Battery', '35e63e210d4a7f2f61e6558580f0e4b6.png']
97 ['Studio', 'Chibi', 'Fuel', '7bb7cc393f2453810d9a917b7c984e4b.png']
98 ['City', 'Chibi', 'Electric', '921f780e7b0a994fda7e3fd257013fb8.png']
99 ['City', 'Chibi', 'Electric', 'e5ae7b399f94a6bc628430a8cbf04e29.png']
